<?xml version="1.0" encoding="UTF-8"?>
<robot generator="Robot 3.1.1 (Python 3.7.2 on win32)" generated="20190128 21:05:35.977" rpa="false">
<suite id="s1" name="Opdracht3" source="C:\Users\edwin\PycharmProjects\RFbootcamp\Tests\03__opdracht3.robot">
<test id="s1-t1" name="Open Google afbeeldingen">
<kw name="Open Browser" library="SeleniumLibrary">
<doc>Opens a new browser instance to the given ``url``.</doc>
<arguments>
<arg>https://www.google.com</arg>
<arg>chrome</arg>
</arguments>
<msg timestamp="20190128 21:05:36.497" level="INFO">Opening browser 'chrome' to base url 'https://www.google.com'.</msg>
<status status="PASS" starttime="20190128 21:05:36.497" endtime="20190128 21:05:42.327"></status>
</kw>
<kw name="Input Text" library="SeleniumLibrary">
<doc>Types the given ``text`` into text field identified by ``locator``.</doc>
<arguments>
<arg>name:q</arg>
<arg>Robotframework</arg>
</arguments>
<msg timestamp="20190128 21:05:42.335" level="INFO">Typing text 'Robotframework' into text field 'name:q'.</msg>
<status status="PASS" starttime="20190128 21:05:42.335" endtime="20190128 21:05:43.091"></status>
</kw>
<kw name="Press Keys" library="SeleniumLibrary">
<doc>Simulates user pressing key(s) to an element or on the active browser.</doc>
<arguments>
<arg>name:q</arg>
<arg>RETURN</arg>
</arguments>
<msg timestamp="20190128 21:05:43.099" level="INFO">Sending key(s) ('RETURN',) to name:q element.</msg>
<msg timestamp="20190128 21:05:43.163" level="INFO">Pressing special key RETURN to element.</msg>
<status status="PASS" starttime="20190128 21:05:43.095" endtime="20190128 21:05:45.366"></status>
</kw>
<kw name="Click Element" library="SeleniumLibrary">
<doc>Click element identified by ``locator``.</doc>
<arguments>
<arg>xpath://a[text()='Afbeeldingen']</arg>
</arguments>
<msg timestamp="20190128 21:05:45.370" level="INFO">Clicking element 'xpath://a[text()='Afbeeldingen']'.</msg>
<status status="PASS" starttime="20190128 21:05:45.370" endtime="20190128 21:05:48.406"></status>
</kw>
<kw name="Sleep" library="BuiltIn">
<doc>Pauses the test executed for the given time.</doc>
<arguments>
<arg>10s</arg>
</arguments>
<msg timestamp="20190128 21:05:58.407" level="INFO">Slept 10 seconds</msg>
<status status="PASS" starttime="20190128 21:05:48.406" endtime="20190128 21:05:58.407"></status>
</kw>
<kw name="Close Browser" library="SeleniumLibrary">
<doc>Closes the current browser.</doc>
<status status="PASS" starttime="20190128 21:05:58.407" endtime="20190128 21:06:00.895"></status>
</kw>
<status status="PASS" starttime="20190128 21:05:36.493" endtime="20190128 21:06:00.899" critical="yes"></status>
</test>
<status status="PASS" starttime="20190128 21:05:35.981" endtime="20190128 21:06:00.927"></status>
</suite>
<statistics>
<total>
<stat pass="1" fail="0">Critical Tests</stat>
<stat pass="1" fail="0">All Tests</stat>
</total>
<tag>
</tag>
<suite>
<stat pass="1" fail="0" id="s1" name="Opdracht3">Opdracht3</stat>
</suite>
</statistics>
<errors>
</errors>
</robot>
